# JRE version: OpenJDK Runtime Environment Temurin-11.0.13+8 (11.0.13+8) (build 11.0.13+8)
# Java VM: OpenJDK 64-Bit Server VM Temurin-11.0.13+8 (11.0.13+8, mixed mode, tiered, compressed oops, g1 gc, windows-amd64)
Heap:
 garbage-first heap   total 106496K, used 56652K [0x00000000c1e00000, 0x0000000100000000)
  region size 1024K, 38 young (38912K), 4 survivors (4096K)
 Metaspace       used 24722K, capacity 25329K, committed 25600K, reserved 1073152K
  class space    used 2478K, capacity 2704K, committed 2816K, reserved 1048576K
GC Heap History (20 events):
Event: 2.381 GC heap before
{Heap before GC invocations=0 (full 0):
 garbage-first heap   total 65536K, used 13312K [0x00000000c1e00000, 0x0000000100000000)
  region size 1024K, 14 young (14336K), 0 survivors (0K)
 Metaspace       used 11258K, capacity 11541K, committed 11776K, reserved 1060864K
  class space    used 1037K, capacity 1167K, committed 1280K, reserved 1048576K
}
Event: 2.401 GC heap after
{Heap after GC invocations=1 (full 0):
 garbage-first heap   total 65536K, used 3410K [0x00000000c1e00000, 0x0000000100000000)
  region size 1024K, 2 young (2048K), 2 survivors (2048K)
 Metaspace       used 11258K, capacity 11541K, committed 11776K, reserved 1060864K
  class space    used 1037K, capacity 1167K, committed 1280K, reserved 1048576K
}
Event: 2.754 GC heap before
{Heap before GC invocations=1 (full 0):
 garbage-first heap   total 65536K, used 9554K [0x00000000c1e00000, 0x0000000100000000)
  region size 1024K, 8 young (8192K), 2 survivors (2048K)
 Metaspace       used 12811K, capacity 13089K, committed 13184K, reserved 1060864K
  class space    used 1244K, capacity 1363K, committed 1408K, reserved 1048576K
}
Event: 2.769 GC heap after
{Heap after GC invocations=2 (full 0):
 garbage-first heap   total 65536K, used 3831K [0x00000000c1e00000, 0x0000000100000000)
  region size 1024K, 1 young (1024K), 1 survivors (1024K)
 Metaspace       used 12811K, capacity 13089K, committed 13184K, reserved 1060864K
  class space    used 1244K, capacity 1363K, committed 1408K, reserved 1048576K
}
Event: 3.869 GC heap before
{Heap before GC invocations=2 (full 0):
 garbage-first heap   total 65536K, used 24311K [0x00000000c1e00000, 0x0000000100000000)
  region size 1024K, 21 young (21504K), 1 survivors (1024K)
 Metaspace       used 14500K, capacity 14769K, committed 14976K, reserved 1062912K
  class space    used 1456K, capacity 1558K, committed 1664K, reserved 1048576K
}
Event: 3.878 GC heap after
{Heap after GC invocations=3 (full 0):
 garbage-first heap   total 65536K, used 4507K [0x00000000c1e00000, 0x0000000100000000)
  region size 1024K, 1 young (1024K), 1 survivors (1024K)
 Metaspace       used 14500K, capacity 14769K, committed 14976K, reserved 1062912K
  class space    used 1456K, capacity 1558K, committed 1664K, reserved 1048576K
}
Event: 6.077 GC heap before
{Heap before GC invocations=3 (full 0):
 garbage-first heap   total 65536K, used 34203K [0x00000000c1e00000, 0x0000000100000000)
  region size 1024K, 30 young (30720K), 1 survivors (1024K)
 Metaspace       used 19150K, capacity 19526K, committed 19712K, reserved 1067008K
  class space    used 2045K, capacity 2193K, committed 2304K, reserved 1048576K
}
Event: 6.102 GC heap after
{Heap after GC invocations=4 (full 0):
 garbage-first heap   total 65536K, used 6197K [0x00000000c1e00000, 0x0000000100000000)
  region size 1024K, 3 young (3072K), 3 survivors (3072K)
 Metaspace       used 19150K, capacity 19526K, committed 19712K, reserved 1067008K
  class space    used 2045K, capacity 2193K, committed 2304K, reserved 1048576K
}
Event: 6.959 GC heap before
{Heap before GC invocations=4 (full 0):
 garbage-first heap   total 65536K, used 21557K [0x00000000c1e00000, 0x0000000100000000)
  region size 1024K, 19 young (19456K), 3 survivors (3072K)
 Metaspace       used 20595K, capacity 21045K, committed 21248K, reserved 1069056K
  class space    used 2168K, capacity 2294K, committed 2304K, reserved 1048576K
}
Event: 6.993 GC heap after
{Heap after GC invocations=5 (full 0):
 garbage-first heap   total 65536K, used 8303K [0x00000000c1e00000, 0x0000000100000000)
  region size 1024K, 5 young (5120K), 5 survivors (5120K)
 Metaspace       used 20595K, capacity 21045K, committed 21248K, reserved 1069056K
  class space    used 2168K, capacity 2294K, committed 2304K, reserved 1048576K
}
Event: 8.144 GC heap before
{Heap before GC invocations=6 (full 0):
 garbage-first heap   total 65536K, used 36975K [0x00000000c1e00000, 0x0000000100000000)
  region size 1024K, 33 young (33792K), 5 survivors (5120K)
 Metaspace       used 21164K, capacity 21563K, committed 21888K, reserved 1069056K
  class space    used 2207K, capacity 2359K, committed 2432K, reserved 1048576K
}
Event: 8.214 GC heap after
{Heap after GC invocations=7 (full 0):
 garbage-first heap   total 78848K, used 12305K [0x00000000c1e00000, 0x0000000100000000)
  region size 1024K, 5 young (5120K), 5 survivors (5120K)
 Metaspace       used 21164K, capacity 21563K, committed 21888K, reserved 1069056K
  class space    used 2207K, capacity 2359K, committed 2432K, reserved 1048576K
}
Event: 9.514 GC heap before
{Heap before GC invocations=7 (full 0):
 garbage-first heap   total 78848K, used 45073K [0x00000000c1e00000, 0x0000000100000000)
  region size 1024K, 37 young (37888K), 5 survivors (5120K)
 Metaspace       used 21530K, capacity 21968K, committed 22144K, reserved 1069056K
  class space    used 2213K, capacity 2366K, committed 2432K, reserved 1048576K
}
Event: 9.574 GC heap after
{Heap after GC invocations=8 (full 0):
 garbage-first heap   total 78848K, used 16569K [0x00000000c1e00000, 0x0000000100000000)
  region size 1024K, 4 young (4096K), 4 survivors (4096K)
 Metaspace       used 21530K, capacity 21968K, committed 22144K, reserved 1069056K
  class space    used 2213K, capacity 2366K, committed 2432K, reserved 1048576K
}
Event: 10.808 GC heap before
{Heap before GC invocations=8 (full 0):
 garbage-first heap   total 78848K, used 49337K [0x00000000c1e00000, 0x0000000100000000)
  region size 1024K, 36 young (36864K), 4 survivors (4096K)
 Metaspace       used 21941K, capacity 22354K, committed 22656K, reserved 1069056K
  class space    used 2222K, capacity 2366K, committed 2432K, reserved 1048576K
}
Event: 10.840 GC heap after
{Heap after GC invocations=9 (full 0):
 garbage-first heap   total 78848K, used 19065K [0x00000000c1e00000, 0x0000000100000000)
  region size 1024K, 3 young (3072K), 3 survivors (3072K)
 Metaspace       used 21941K, capacity 22354K, committed 22656K, reserved 1069056K
  class space    used 2222K, capacity 2366K, committed 2432K, reserved 1048576K
}
Event: 11.986 GC heap before
{Heap before GC invocations=9 (full 0):
 garbage-first heap   total 78848K, used 51833K [0x00000000c1e00000, 0x0000000100000000)
  region size 1024K, 35 young (35840K), 3 survivors (3072K)
 Metaspace       used 22984K, capacity 23469K, committed 23552K, reserved 1071104K
  class space    used 2322K, capacity 2503K, committed 2560K, reserved 1048576K
}
Event: 12.007 GC heap after
{Heap after GC invocations=10 (full 0):
 garbage-first heap   total 78848K, used 21075K [0x00000000c1e00000, 0x0000000100000000)
  region size 1024K, 2 young (2048K), 2 survivors (2048K)
 Metaspace       used 22984K, capacity 23469K, committed 23552K, reserved 1071104K
  class space    used 2322K, capacity 2503K, committed 2560K, reserved 1048576K
}
Event: 13.145 GC heap before
{Heap before GC invocations=10 (full 0):
 garbage-first heap   total 78848K, used 53843K [0x00000000c1e00000, 0x0000000100000000)
  region size 1024K, 34 young (34816K), 2 survivors (2048K)
 Metaspace       used 23632K, capacity 24156K, committed 24320K, reserved 1071104K
  class space    used 2359K, capacity 2544K, committed 2560K, reserved 1048576K
}
Event: 13.171 GC heap after
{Heap after GC invocations=11 (full 0):
 garbage-first heap   total 106496K, used 22860K [0x00000000c1e00000, 0x0000000100000000)
  region size 1024K, 4 young (4096K), 4 survivors (4096K)
 Metaspace       used 23632K, capacity 24156K, committed 24320K, reserved 1071104K
  class space    used 2359K, capacity 2544K, committed 2560K, reserved 1048576K
}

