# JRE version: OpenJDK Runtime Environment Temurin-17.0.2+8 (17.0.2+8) (build 17.0.2+8)
# Java VM: OpenJDK 64-Bit Server VM Temurin-17.0.2+8 (17.0.2+8, mixed mode, emulated-client, tiered, compressed oops, compressed class ptrs, g1 gc, windows-amd64)
GC Precious Log:
 CPUs: 4 total, 4 available
 Memory: 3971M
 Large Page Support: Disabled
 NUMA Support: Disabled
 Compressed Oops: Enabled (32-bit)
 Heap Region Size: 1M
 Heap Min Capacity: 8M
 Heap Initial Capacity: 64M
 Heap Max Capacity: 994M
 Pre-touch: Disabled
 Parallel Workers: 4
 Concurrent Workers: 1
 Concurrent Refinement Workers: 4
 Periodic GC: Disabled
Heap:
 garbage-first heap   total 40960K, used 20856K [0x00000000c1e00000, 0x0000000100000000)
  region size 1024K, 9 young (9216K), 1 survivors (1024K)
 Metaspace       used 29280K, committed 29568K, reserved 1081344K
  class space    used 3951K, committed 4096K, reserved 1048576K
GC Heap History (18 events):
Event: 1.793 GC heap before
{Heap before GC invocations=0 (full 0):
 garbage-first heap   total 65536K, used 12288K [0x00000000c1e00000, 0x0000000100000000)
  region size 1024K, 13 young (13312K), 0 survivors (0K)
 Metaspace       used 8301K, committed 8512K, reserved 1056768K
  class space    used 908K, committed 1024K, reserved 1048576K
}
Event: 1.806 GC heap after
{Heap after GC invocations=1 (full 0):
 garbage-first heap   total 65536K, used 4112K [0x00000000c1e00000, 0x0000000100000000)
  region size 1024K, 2 young (2048K), 2 survivors (2048K)
 Metaspace       used 8301K, committed 8512K, reserved 1056768K
  class space    used 908K, committed 1024K, reserved 1048576K
}
Event: 3.046 GC heap before
{Heap before GC invocations=1 (full 0):
 garbage-first heap   total 65536K, used 17424K [0x00000000c1e00000, 0x0000000100000000)
  region size 1024K, 15 young (15360K), 2 survivors (2048K)
 Metaspace       used 13502K, committed 13696K, reserved 1064960K
  class space    used 1590K, committed 1664K, reserved 1048576K
}
Event: 3.070 GC heap after
{Heap after GC invocations=2 (full 0):
 garbage-first heap   total 65536K, used 6211K [0x00000000c1e00000, 0x0000000100000000)
  region size 1024K, 2 young (2048K), 2 survivors (2048K)
 Metaspace       used 13502K, committed 13696K, reserved 1064960K
  class space    used 1590K, committed 1664K, reserved 1048576K
}
Event: 5.202 GC heap before
{Heap before GC invocations=2 (full 0):
 garbage-first heap   total 65536K, used 26691K [0x00000000c1e00000, 0x0000000100000000)
  region size 1024K, 22 young (22528K), 2 survivors (2048K)
 Metaspace       used 19460K, committed 19648K, reserved 1073152K
  class space    used 2425K, committed 2496K, reserved 1048576K
}
Event: 5.226 GC heap after
{Heap after GC invocations=3 (full 0):
 garbage-first heap   total 65536K, used 8234K [0x00000000c1e00000, 0x0000000100000000)
  region size 1024K, 3 young (3072K), 3 survivors (3072K)
 Metaspace       used 19460K, committed 19648K, reserved 1073152K
  class space    used 2425K, committed 2496K, reserved 1048576K
}
Event: 8.818 GC heap before
{Heap before GC invocations=3 (full 0):
 garbage-first heap   total 65536K, used 22570K [0x00000000c1e00000, 0x0000000100000000)
  region size 1024K, 18 young (18432K), 3 survivors (3072K)
 Metaspace       used 21298K, committed 21504K, reserved 1073152K
  class space    used 2665K, committed 2752K, reserved 1048576K
}
Event: 8.842 GC heap after
{Heap after GC invocations=4 (full 0):
 garbage-first heap   total 65536K, used 9476K [0x00000000c1e00000, 0x0000000100000000)
  region size 1024K, 4 young (4096K), 4 survivors (4096K)
 Metaspace       used 21298K, committed 21504K, reserved 1073152K
  class space    used 2665K, committed 2752K, reserved 1048576K
}
Event: 21.396 GC heap before
{Heap before GC invocations=5 (full 0):
 garbage-first heap   total 40960K, used 29956K [0x00000000c1e00000, 0x0000000100000000)
  region size 1024K, 24 young (24576K), 4 survivors (4096K)
 Metaspace       used 24413K, committed 24640K, reserved 1073152K
  class space    used 3141K, committed 3264K, reserved 1048576K
}
Event: 21.434 GC heap after
{Heap after GC invocations=6 (full 0):
 garbage-first heap   total 40960K, used 11408K [0x00000000c1e00000, 0x0000000100000000)
  region size 1024K, 3 young (3072K), 3 survivors (3072K)
 Metaspace       used 24413K, committed 24640K, reserved 1073152K
  class space    used 3141K, committed 3264K, reserved 1048576K
}
Event: 22.548 GC heap before
{Heap before GC invocations=6 (full 0):
 garbage-first heap   total 40960K, used 12432K [0x00000000c1e00000, 0x0000000100000000)
  region size 1024K, 4 young (4096K), 3 survivors (3072K)
 Metaspace       used 24671K, committed 24896K, reserved 1073152K
  class space    used 3181K, committed 3264K, reserved 1048576K
}
Event: 22.576 GC heap after
{Heap after GC invocations=7 (full 0):
 garbage-first heap   total 40960K, used 12043K [0x00000000c1e00000, 0x0000000100000000)
  region size 1024K, 1 young (1024K), 1 survivors (1024K)
 Metaspace       used 24671K, committed 24896K, reserved 1073152K
  class space    used 3181K, committed 3264K, reserved 1048576K
}
Event: 40.460 GC heap before
{Heap before GC invocations=7 (full 0):
 garbage-first heap   total 40960K, used 27403K [0x00000000c1e00000, 0x0000000100000000)
  region size 1024K, 16 young (16384K), 1 survivors (1024K)
 Metaspace       used 27760K, committed 28032K, reserved 1081344K
  class space    used 3647K, committed 3776K, reserved 1048576K
}
Event: 40.478 GC heap after
{Heap after GC invocations=8 (full 0):
 garbage-first heap   total 40960K, used 13172K [0x00000000c1e00000, 0x0000000100000000)
  region size 1024K, 2 young (2048K), 2 survivors (2048K)
 Metaspace       used 27760K, committed 28032K, reserved 1081344K
  class space    used 3647K, committed 3776K, reserved 1048576K
}
Event: 50.971 GC heap before
{Heap before GC invocations=8 (full 0):
 garbage-first heap   total 40960K, used 27508K [0x00000000c1e00000, 0x0000000100000000)
  region size 1024K, 17 young (17408K), 2 survivors (2048K)
 Metaspace       used 29229K, committed 29568K, reserved 1081344K
  class space    used 3945K, committed 4096K, reserved 1048576K
}
Event: 50.983 GC heap after
{Heap after GC invocations=9 (full 0):
 garbage-first heap   total 40960K, used 13617K [0x00000000c1e00000, 0x0000000100000000)
  region size 1024K, 2 young (2048K), 2 survivors (2048K)
 Metaspace       used 29229K, committed 29568K, reserved 1081344K
  class space    used 3945K, committed 4096K, reserved 1048576K
}
Event: 62.221 GC heap before
{Heap before GC invocations=9 (full 0):
 garbage-first heap   total 40960K, used 28977K [0x00000000c1e00000, 0x0000000100000000)
  region size 1024K, 18 young (18432K), 2 survivors (2048K)
 Metaspace       used 29229K, committed 29568K, reserved 1081344K
  class space    used 3945K, committed 4096K, reserved 1048576K
}
Event: 62.235 GC heap after
{Heap after GC invocations=10 (full 0):
 garbage-first heap   total 40960K, used 13688K [0x00000000c1e00000, 0x0000000100000000)
  region size 1024K, 1 young (1024K), 1 survivors (1024K)
 Metaspace       used 29229K, committed 29568K, reserved 1081344K
  class space    used 3945K, committed 4096K, reserved 1048576K
}

