# JRE version: OpenJDK Runtime Environment Temurin-17.0.2+8 (17.0.2+8) (build 17.0.2+8)
# Java VM: OpenJDK 64-Bit Server VM Temurin-17.0.2+8 (17.0.2+8, mixed mode, emulated-client, tiered, compressed oops, compressed class ptrs, g1 gc, windows-amd64)
GC Precious Log:
 CPUs: 4 total, 4 available
 Memory: 3971M
 Large Page Support: Disabled
 NUMA Support: Disabled
 Compressed Oops: Enabled (32-bit)
 Heap Region Size: 1M
 Heap Min Capacity: 8M
 Heap Initial Capacity: 64M
 Heap Max Capacity: 994M
 Pre-touch: Disabled
 Parallel Workers: 4
 Concurrent Workers: 1
 Concurrent Refinement Workers: 4
 Periodic GC: Disabled
Heap:
 garbage-first heap   total 37888K, used 15395K [0x00000000c1e00000, 0x0000000100000000)
  region size 1024K, 6 young (6144K), 0 survivors (0K)
 Metaspace       used 29351K, committed 29824K, reserved 1081344K
  class space    used 3931K, committed 4096K, reserved 1048576K
GC Heap History (20 events):
Event: 5878.943 GC heap before
{Heap before GC invocations=551 (full 541):
 garbage-first heap   total 37888K, used 15395K [0x00000000c1e00000, 0x0000000100000000)
  region size 1024K, 6 young (6144K), 0 survivors (0K)
 Metaspace       used 29351K, committed 29824K, reserved 1081344K
  class space    used 3931K, committed 4096K, reserved 1048576K
}
Event: 5879.015 GC heap after
{Heap after GC invocations=552 (full 542):
 garbage-first heap   total 37888K, used 10275K [0x00000000c1e00000, 0x0000000100000000)
  region size 1024K, 0 young (0K), 0 survivors (0K)
 Metaspace       used 29351K, committed 29824K, reserved 1081344K
  class space    used 3931K, committed 4096K, reserved 1048576K
}
Event: 5889.619 GC heap before
{Heap before GC invocations=552 (full 542):
 garbage-first heap   total 37888K, used 15395K [0x00000000c1e00000, 0x0000000100000000)
  region size 1024K, 6 young (6144K), 0 survivors (0K)
 Metaspace       used 29351K, committed 29824K, reserved 1081344K
  class space    used 3931K, committed 4096K, reserved 1048576K
}
Event: 5889.693 GC heap after
{Heap after GC invocations=553 (full 543):
 garbage-first heap   total 37888K, used 10275K [0x00000000c1e00000, 0x0000000100000000)
  region size 1024K, 0 young (0K), 0 survivors (0K)
 Metaspace       used 29351K, committed 29824K, reserved 1081344K
  class space    used 3931K, committed 4096K, reserved 1048576K
}
Event: 5900.295 GC heap before
{Heap before GC invocations=553 (full 543):
 garbage-first heap   total 37888K, used 15395K [0x00000000c1e00000, 0x0000000100000000)
  region size 1024K, 6 young (6144K), 0 survivors (0K)
 Metaspace       used 29351K, committed 29824K, reserved 1081344K
  class space    used 3931K, committed 4096K, reserved 1048576K
}
Event: 5900.375 GC heap after
{Heap after GC invocations=554 (full 544):
 garbage-first heap   total 37888K, used 10275K [0x00000000c1e00000, 0x0000000100000000)
  region size 1024K, 0 young (0K), 0 survivors (0K)
 Metaspace       used 29351K, committed 29824K, reserved 1081344K
  class space    used 3931K, committed 4096K, reserved 1048576K
}
Event: 5911.179 GC heap before
{Heap before GC invocations=554 (full 544):
 garbage-first heap   total 37888K, used 17443K [0x00000000c1e00000, 0x0000000100000000)
  region size 1024K, 8 young (8192K), 0 survivors (0K)
 Metaspace       used 29351K, committed 29824K, reserved 1081344K
  class space    used 3931K, committed 4096K, reserved 1048576K
}
Event: 5911.258 GC heap after
{Heap after GC invocations=555 (full 545):
 garbage-first heap   total 37888K, used 10280K [0x00000000c1e00000, 0x0000000100000000)
  region size 1024K, 0 young (0K), 0 survivors (0K)
 Metaspace       used 29351K, committed 29824K, reserved 1081344K
  class space    used 3931K, committed 4096K, reserved 1048576K
}
Event: 5922.219 GC heap before
{Heap before GC invocations=555 (full 545):
 garbage-first heap   total 37888K, used 14376K [0x00000000c1e00000, 0x0000000100000000)
  region size 1024K, 6 young (6144K), 0 survivors (0K)
 Metaspace       used 29351K, committed 29824K, reserved 1081344K
  class space    used 3931K, committed 4096K, reserved 1048576K
}
Event: 5922.300 GC heap after
{Heap after GC invocations=556 (full 546):
 garbage-first heap   total 37888K, used 10276K [0x00000000c1e00000, 0x0000000100000000)
  region size 1024K, 0 young (0K), 0 survivors (0K)
 Metaspace       used 29351K, committed 29824K, reserved 1081344K
  class space    used 3931K, committed 4096K, reserved 1048576K
}
Event: 5932.889 GC heap before
{Heap before GC invocations=556 (full 546):
 garbage-first heap   total 37888K, used 14372K [0x00000000c1e00000, 0x0000000100000000)
  region size 1024K, 6 young (6144K), 0 survivors (0K)
 Metaspace       used 29351K, committed 29824K, reserved 1081344K
  class space    used 3931K, committed 4096K, reserved 1048576K
}
Event: 5932.950 GC heap after
{Heap after GC invocations=557 (full 547):
 garbage-first heap   total 37888K, used 10275K [0x00000000c1e00000, 0x0000000100000000)
  region size 1024K, 0 young (0K), 0 survivors (0K)
 Metaspace       used 29351K, committed 29824K, reserved 1081344K
  class space    used 3931K, committed 4096K, reserved 1048576K
}
Event: 5943.918 GC heap before
{Heap before GC invocations=557 (full 547):
 garbage-first heap   total 37888K, used 15395K [0x00000000c1e00000, 0x0000000100000000)
  region size 1024K, 6 young (6144K), 0 survivors (0K)
 Metaspace       used 29351K, committed 29824K, reserved 1081344K
  class space    used 3931K, committed 4096K, reserved 1048576K
}
Event: 5943.981 GC heap after
{Heap after GC invocations=558 (full 548):
 garbage-first heap   total 37888K, used 10275K [0x00000000c1e00000, 0x0000000100000000)
  region size 1024K, 0 young (0K), 0 survivors (0K)
 Metaspace       used 29351K, committed 29824K, reserved 1081344K
  class space    used 3931K, committed 4096K, reserved 1048576K
}
Event: 5954.569 GC heap before
{Heap before GC invocations=558 (full 548):
 garbage-first heap   total 37888K, used 15395K [0x00000000c1e00000, 0x0000000100000000)
  region size 1024K, 6 young (6144K), 0 survivors (0K)
 Metaspace       used 29351K, committed 29824K, reserved 1081344K
  class space    used 3931K, committed 4096K, reserved 1048576K
}
Event: 5954.630 GC heap after
{Heap after GC invocations=559 (full 549):
 garbage-first heap   total 37888K, used 10275K [0x00000000c1e00000, 0x0000000100000000)
  region size 1024K, 0 young (0K), 0 survivors (0K)
 Metaspace       used 29351K, committed 29824K, reserved 1081344K
  class space    used 3931K, committed 4096K, reserved 1048576K
}
Event: 5965.334 GC heap before
{Heap before GC invocations=559 (full 549):
 garbage-first heap   total 37888K, used 15395K [0x00000000c1e00000, 0x0000000100000000)
  region size 1024K, 6 young (6144K), 0 survivors (0K)
 Metaspace       used 29351K, committed 29824K, reserved 1081344K
  class space    used 3931K, committed 4096K, reserved 1048576K
}
Event: 5965.406 GC heap after
{Heap after GC invocations=560 (full 550):
 garbage-first heap   total 37888K, used 10275K [0x00000000c1e00000, 0x0000000100000000)
  region size 1024K, 0 young (0K), 0 survivors (0K)
 Metaspace       used 29351K, committed 29824K, reserved 1081344K
  class space    used 3931K, committed 4096K, reserved 1048576K
}
Event: 5976.166 GC heap before
{Heap before GC invocations=560 (full 550):
 garbage-first heap   total 37888K, used 15395K [0x00000000c1e00000, 0x0000000100000000)
  region size 1024K, 6 young (6144K), 0 survivors (0K)
 Metaspace       used 29351K, committed 29824K, reserved 1081344K
  class space    used 3931K, committed 4096K, reserved 1048576K
}
Event: 5976.239 GC heap after
{Heap after GC invocations=561 (full 551):
 garbage-first heap   total 37888K, used 10275K [0x00000000c1e00000, 0x0000000100000000)
  region size 1024K, 0 young (0K), 0 survivors (0K)
 Metaspace       used 29351K, committed 29824K, reserved 1081344K
  class space    used 3931K, committed 4096K, reserved 1048576K
}

