# JRE version: OpenJDK Runtime Environment Temurin-17.0.2+8 (17.0.2+8) (build 17.0.2+8)
# Java VM: OpenJDK 64-Bit Server VM Temurin-17.0.2+8 (17.0.2+8, mixed mode, emulated-client, tiered, compressed oops, compressed class ptrs, g1 gc, windows-amd64)
GC Precious Log:
 CPUs: 4 total, 4 available
 Memory: 3971M
 Large Page Support: Disabled
 NUMA Support: Disabled
 Compressed Oops: Enabled (32-bit)
 Heap Region Size: 1M
 Heap Min Capacity: 8M
 Heap Initial Capacity: 64M
 Heap Max Capacity: 994M
 Pre-touch: Disabled
 Parallel Workers: 4
 Concurrent Workers: 1
 Concurrent Refinement Workers: 4
 Periodic GC: Disabled
Heap:
 garbage-first heap   total 106496K, used 30043K [0x00000000c1e00000, 0x0000000100000000)
  region size 1024K, 1 young (1024K), 1 survivors (1024K)
 Metaspace       used 40052K, committed 40384K, reserved 1089536K
  class space    used 5084K, committed 5248K, reserved 1048576K
GC Heap History (20 events):
Event: 4631.906 GC heap after
{Heap after GC invocations=420 (full 176):
 garbage-first heap   total 106496K, used 30615K [0x00000000c1e00000, 0x0000000100000000)
  region size 1024K, 0 young (0K), 0 survivors (0K)
 Metaspace       used 40052K, committed 40384K, reserved 1089536K
  class space    used 5084K, committed 5248K, reserved 1048576K
}
Event: 4726.101 GC heap before
{Heap before GC invocations=420 (full 176):
 garbage-first heap   total 106496K, used 85911K [0x00000000c1e00000, 0x0000000100000000)
  region size 1024K, 54 young (55296K), 0 survivors (0K)
 Metaspace       used 40052K, committed 40384K, reserved 1089536K
  class space    used 5084K, committed 5248K, reserved 1048576K
}
Event: 4726.999 GC heap after
{Heap after GC invocations=421 (full 176):
 garbage-first heap   total 106496K, used 31516K [0x00000000c1e00000, 0x0000000100000000)
  region size 1024K, 1 young (1024K), 1 survivors (1024K)
 Metaspace       used 40052K, committed 40384K, reserved 1089536K
  class space    used 5084K, committed 5248K, reserved 1048576K
}
Event: 4730.816 GC heap before
{Heap before GC invocations=422 (full 176):
 garbage-first heap   total 106496K, used 32540K [0x00000000c1e00000, 0x0000000100000000)
  region size 1024K, 4 young (4096K), 1 survivors (1024K)
 Metaspace       used 40052K, committed 40384K, reserved 1089536K
  class space    used 5084K, committed 5248K, reserved 1048576K
}
Event: 4731.042 GC heap after
{Heap after GC invocations=423 (full 177):
 garbage-first heap   total 106496K, used 29956K [0x00000000c1e00000, 0x0000000100000000)
  region size 1024K, 0 young (0K), 0 survivors (0K)
 Metaspace       used 40052K, committed 40384K, reserved 1089536K
  class space    used 5084K, committed 5248K, reserved 1048576K
}
Event: 4737.608 GC heap before
{Heap before GC invocations=423 (full 177):
 garbage-first heap   total 106496K, used 34052K [0x00000000c1e00000, 0x0000000100000000)
  region size 1024K, 5 young (5120K), 0 survivors (0K)
 Metaspace       used 40052K, committed 40384K, reserved 1089536K
  class space    used 5084K, committed 5248K, reserved 1048576K
}
Event: 4737.681 GC heap after
{Heap after GC invocations=424 (full 177):
 garbage-first heap   total 106496K, used 30200K [0x00000000c1e00000, 0x0000000100000000)
  region size 1024K, 1 young (1024K), 1 survivors (1024K)
 Metaspace       used 40052K, committed 40384K, reserved 1089536K
  class space    used 5084K, committed 5248K, reserved 1048576K
}
Event: 4742.916 GC heap before
{Heap before GC invocations=425 (full 177):
 garbage-first heap   total 106496K, used 32248K [0x00000000c1e00000, 0x0000000100000000)
  region size 1024K, 5 young (5120K), 1 survivors (1024K)
 Metaspace       used 40052K, committed 40384K, reserved 1089536K
  class space    used 5084K, committed 5248K, reserved 1048576K
}
Event: 4743.257 GC heap after
{Heap after GC invocations=426 (full 178):
 garbage-first heap   total 106496K, used 30117K [0x00000000c1e00000, 0x0000000100000000)
  region size 1024K, 0 young (0K), 0 survivors (0K)
 Metaspace       used 40052K, committed 40384K, reserved 1089536K
  class space    used 5084K, committed 5248K, reserved 1048576K
}
Event: 4753.545 GC heap before
{Heap before GC invocations=426 (full 178):
 garbage-first heap   total 106496K, used 34213K [0x00000000c1e00000, 0x0000000100000000)
  region size 1024K, 5 young (5120K), 0 survivors (0K)
 Metaspace       used 40052K, committed 40384K, reserved 1089536K
  class space    used 5084K, committed 5248K, reserved 1048576K
}
Event: 4753.576 GC heap after
{Heap after GC invocations=427 (full 178):
 garbage-first heap   total 106496K, used 30268K [0x00000000c1e00000, 0x0000000100000000)
  region size 1024K, 1 young (1024K), 1 survivors (1024K)
 Metaspace       used 40052K, committed 40384K, reserved 1089536K
  class space    used 5084K, committed 5248K, reserved 1048576K
}
Event: 4754.991 GC heap before
{Heap before GC invocations=428 (full 178):
 garbage-first heap   total 106496K, used 31292K [0x00000000c1e00000, 0x0000000100000000)
  region size 1024K, 4 young (4096K), 1 survivors (1024K)
 Metaspace       used 40052K, committed 40384K, reserved 1089536K
  class space    used 5084K, committed 5248K, reserved 1048576K
}
Event: 4755.694 GC heap after
{Heap after GC invocations=429 (full 179):
 garbage-first heap   total 106496K, used 29959K [0x00000000c1e00000, 0x0000000100000000)
  region size 1024K, 0 young (0K), 0 survivors (0K)
 Metaspace       used 40052K, committed 40384K, reserved 1089536K
  class space    used 5084K, committed 5248K, reserved 1048576K
}
Event: 4764.288 GC heap before
{Heap before GC invocations=429 (full 179):
 garbage-first heap   total 106496K, used 34055K [0x00000000c1e00000, 0x0000000100000000)
  region size 1024K, 5 young (5120K), 0 survivors (0K)
 Metaspace       used 40052K, committed 40384K, reserved 1089536K
  class space    used 5084K, committed 5248K, reserved 1048576K
}
Event: 4764.331 GC heap after
{Heap after GC invocations=430 (full 179):
 garbage-first heap   total 106496K, used 30058K [0x00000000c1e00000, 0x0000000100000000)
  region size 1024K, 1 young (1024K), 1 survivors (1024K)
 Metaspace       used 40052K, committed 40384K, reserved 1089536K
  class space    used 5084K, committed 5248K, reserved 1048576K
}
Event: 4835.285 GC heap before
{Heap before GC invocations=431 (full 179):
 garbage-first heap   total 106496K, used 88424K [0x00000000c1e00000, 0x0000000100000000)
  region size 1024K, 58 young (59392K), 1 survivors (1024K)
 Metaspace       used 40052K, committed 40384K, reserved 1089536K
  class space    used 5084K, committed 5248K, reserved 1048576K
}
Event: 4835.568 GC heap after
{Heap after GC invocations=432 (full 179):
 garbage-first heap   total 106496K, used 30152K [0x00000000c1e00000, 0x0000000100000000)
  region size 1024K, 1 young (1024K), 1 survivors (1024K)
 Metaspace       used 40052K, committed 40384K, reserved 1089536K
  class space    used 5084K, committed 5248K, reserved 1048576K
}
Event: 4840.806 GC heap before
{Heap before GC invocations=432 (full 179):
 garbage-first heap   total 106496K, used 33224K [0x00000000c1e00000, 0x0000000100000000)
  region size 1024K, 5 young (5120K), 1 survivors (1024K)
 Metaspace       used 40052K, committed 40384K, reserved 1089536K
  class space    used 5084K, committed 5248K, reserved 1048576K
}
Event: 4841.570 GC heap after
{Heap after GC invocations=433 (full 179):
 garbage-first heap   total 106496K, used 30093K [0x00000000c1e00000, 0x0000000100000000)
  region size 1024K, 1 young (1024K), 1 survivors (1024K)
 Metaspace       used 40052K, committed 40384K, reserved 1089536K
  class space    used 5084K, committed 5248K, reserved 1048576K
}
Event: 4846.794 GC heap before
{Heap before GC invocations=433 (full 179):
 garbage-first heap   total 106496K, used 34189K [0x00000000c1e00000, 0x0000000100000000)
  region size 1024K, 5 young (5120K), 1 survivors (1024K)
 Metaspace       used 40052K, committed 40384K, reserved 1089536K
  class space    used 5084K, committed 5248K, reserved 1048576K
}

