# JRE version: OpenJDK Runtime Environment Temurin-17.0.2+8 (17.0.2+8) (build 17.0.2+8)
# Java VM: OpenJDK 64-Bit Server VM Temurin-17.0.2+8 (17.0.2+8, mixed mode, emulated-client, tiered, compressed oops, compressed class ptrs, g1 gc, windows-amd64)
GC Precious Log:
 CPUs: 4 total, 4 available
 Memory: 3971M
 Large Page Support: Disabled
 NUMA Support: Disabled
 Compressed Oops: Enabled (32-bit)
 Heap Region Size: 1M
 Heap Min Capacity: 8M
 Heap Initial Capacity: 64M
 Heap Max Capacity: 994M
 Pre-touch: Disabled
 Parallel Workers: 4
 Concurrent Workers: 1
 Concurrent Refinement Workers: 4
 Periodic GC: Disabled
Heap:
 garbage-first heap   total 90112K, used 36498K [0x00000000c1e00000, 0x0000000100000000)
  region size 1024K, 8 young (8192K), 0 survivors (0K)
 Metaspace       used 41196K, committed 41536K, reserved 1089536K
  class space    used 5254K, committed 5440K, reserved 1048576K
GC Heap History (20 events):
Event: 4518.954 GC heap before
{Heap before GC invocations=406 (full 321):
 garbage-first heap   total 90112K, used 36504K [0x00000000c1e00000, 0x0000000100000000)
  region size 1024K, 8 young (8192K), 0 survivors (0K)
 Metaspace       used 41194K, committed 41536K, reserved 1089536K
  class space    used 5253K, committed 5440K, reserved 1048576K
}
Event: 4519.099 GC heap after
{Heap after GC invocations=407 (full 322):
 garbage-first heap   total 90112K, used 29336K [0x00000000c1e00000, 0x0000000100000000)
  region size 1024K, 0 young (0K), 0 survivors (0K)
 Metaspace       used 41194K, committed 41536K, reserved 1089536K
  class space    used 5253K, committed 5440K, reserved 1048576K
}
Event: 4529.695 GC heap before
{Heap before GC invocations=407 (full 322):
 garbage-first heap   total 90112K, used 36504K [0x00000000c1e00000, 0x0000000100000000)
  region size 1024K, 8 young (8192K), 0 survivors (0K)
 Metaspace       used 41194K, committed 41536K, reserved 1089536K
  class space    used 5253K, committed 5440K, reserved 1048576K
}
Event: 4529.834 GC heap after
{Heap after GC invocations=408 (full 323):
 garbage-first heap   total 90112K, used 29336K [0x00000000c1e00000, 0x0000000100000000)
  region size 1024K, 0 young (0K), 0 survivors (0K)
 Metaspace       used 41194K, committed 41536K, reserved 1089536K
  class space    used 5253K, committed 5440K, reserved 1048576K
}
Event: 4540.480 GC heap before
{Heap before GC invocations=408 (full 323):
 garbage-first heap   total 90112K, used 36504K [0x00000000c1e00000, 0x0000000100000000)
  region size 1024K, 8 young (8192K), 0 survivors (0K)
 Metaspace       used 41194K, committed 41536K, reserved 1089536K
  class space    used 5253K, committed 5440K, reserved 1048576K
}
Event: 4540.620 GC heap after
{Heap after GC invocations=409 (full 324):
 garbage-first heap   total 90112K, used 29336K [0x00000000c1e00000, 0x0000000100000000)
  region size 1024K, 0 young (0K), 0 survivors (0K)
 Metaspace       used 41194K, committed 41536K, reserved 1089536K
  class space    used 5253K, committed 5440K, reserved 1048576K
}
Event: 4551.343 GC heap before
{Heap before GC invocations=409 (full 324):
 garbage-first heap   total 90112K, used 36504K [0x00000000c1e00000, 0x0000000100000000)
  region size 1024K, 8 young (8192K), 0 survivors (0K)
 Metaspace       used 41194K, committed 41536K, reserved 1089536K
  class space    used 5253K, committed 5440K, reserved 1048576K
}
Event: 4551.524 GC heap after
{Heap after GC invocations=410 (full 325):
 garbage-first heap   total 90112K, used 29336K [0x00000000c1e00000, 0x0000000100000000)
  region size 1024K, 0 young (0K), 0 survivors (0K)
 Metaspace       used 41194K, committed 41536K, reserved 1089536K
  class space    used 5253K, committed 5440K, reserved 1048576K
}
Event: 4610.982 GC heap before
{Heap before GC invocations=410 (full 325):
 garbage-first heap   total 90112K, used 73368K [0x00000000c1e00000, 0x0000000100000000)
  region size 1024K, 44 young (45056K), 0 survivors (0K)
 Metaspace       used 41196K, committed 41536K, reserved 1089536K
  class space    used 5254K, committed 5440K, reserved 1048576K
}
Event: 4611.008 GC heap after
{Heap after GC invocations=411 (full 325):
 garbage-first heap   total 90112K, used 30698K [0x00000000c1e00000, 0x0000000100000000)
  region size 1024K, 2 young (2048K), 2 survivors (2048K)
 Metaspace       used 41196K, committed 41536K, reserved 1089536K
  class space    used 5254K, committed 5440K, reserved 1048576K
}
Event: 4612.437 GC heap before
{Heap before GC invocations=412 (full 325):
 garbage-first heap   total 90112K, used 32462K [0x00000000c1e00000, 0x0000000100000000)
  region size 1024K, 5 young (5120K), 2 survivors (2048K)
 Metaspace       used 41196K, committed 41536K, reserved 1089536K
  class space    used 5254K, committed 5440K, reserved 1048576K
}
Event: 4613.411 GC heap after
{Heap after GC invocations=413 (full 326):
 garbage-first heap   total 90112K, used 29326K [0x00000000c1e00000, 0x0000000100000000)
  region size 1024K, 0 young (0K), 0 survivors (0K)
 Metaspace       used 41196K, committed 41536K, reserved 1089536K
  class space    used 5254K, committed 5440K, reserved 1048576K
}
Event: 4624.741 GC heap before
{Heap before GC invocations=413 (full 326):
 garbage-first heap   total 90112K, used 36494K [0x00000000c1e00000, 0x0000000100000000)
  region size 1024K, 8 young (8192K), 0 survivors (0K)
 Metaspace       used 41196K, committed 41536K, reserved 1089536K
  class space    used 5254K, committed 5440K, reserved 1048576K
}
Event: 4624.912 GC heap after
{Heap after GC invocations=414 (full 327):
 garbage-first heap   total 90112K, used 29330K [0x00000000c1e00000, 0x0000000100000000)
  region size 1024K, 0 young (0K), 0 survivors (0K)
 Metaspace       used 41196K, committed 41536K, reserved 1089536K
  class space    used 5254K, committed 5440K, reserved 1048576K
}
Event: 4636.402 GC heap before
{Heap before GC invocations=414 (full 327):
 garbage-first heap   total 90112K, used 36498K [0x00000000c1e00000, 0x0000000100000000)
  region size 1024K, 8 young (8192K), 0 survivors (0K)
 Metaspace       used 41196K, committed 41536K, reserved 1089536K
  class space    used 5254K, committed 5440K, reserved 1048576K
}
Event: 4636.539 GC heap after
{Heap after GC invocations=415 (full 328):
 garbage-first heap   total 90112K, used 29330K [0x00000000c1e00000, 0x0000000100000000)
  region size 1024K, 0 young (0K), 0 survivors (0K)
 Metaspace       used 41196K, committed 41536K, reserved 1089536K
  class space    used 5254K, committed 5440K, reserved 1048576K
}
Event: 4647.879 GC heap before
{Heap before GC invocations=415 (full 328):
 garbage-first heap   total 90112K, used 39570K [0x00000000c1e00000, 0x0000000100000000)
  region size 1024K, 11 young (11264K), 0 survivors (0K)
 Metaspace       used 41196K, committed 41536K, reserved 1089536K
  class space    used 5254K, committed 5440K, reserved 1048576K
}
Event: 4648.008 GC heap after
{Heap after GC invocations=416 (full 329):
 garbage-first heap   total 90112K, used 29332K [0x00000000c1e00000, 0x0000000100000000)
  region size 1024K, 0 young (0K), 0 survivors (0K)
 Metaspace       used 41196K, committed 41536K, reserved 1089536K
  class space    used 5254K, committed 5440K, reserved 1048576K
}
Event: 4659.390 GC heap before
{Heap before GC invocations=416 (full 329):
 garbage-first heap   total 90112K, used 36500K [0x00000000c1e00000, 0x0000000100000000)
  region size 1024K, 8 young (8192K), 0 survivors (0K)
 Metaspace       used 41196K, committed 41536K, reserved 1089536K
  class space    used 5254K, committed 5440K, reserved 1048576K
}
Event: 4659.530 GC heap after
{Heap after GC invocations=417 (full 330):
 garbage-first heap   total 90112K, used 29330K [0x00000000c1e00000, 0x0000000100000000)
  region size 1024K, 0 young (0K), 0 survivors (0K)
 Metaspace       used 41196K, committed 41536K, reserved 1089536K
  class space    used 5254K, committed 5440K, reserved 1048576K
}

