# JRE version: OpenJDK Runtime Environment Temurin-17.0.2+8 (17.0.2+8) (build 17.0.2+8)
# Java VM: OpenJDK 64-Bit Server VM Temurin-17.0.2+8 (17.0.2+8, mixed mode, emulated-client, tiered, compressed oops, compressed class ptrs, g1 gc, windows-amd64)
GC Precious Log:
 CPUs: 4 total, 4 available
 Memory: 3971M
 Large Page Support: Disabled
 NUMA Support: Disabled
 Compressed Oops: Enabled (32-bit)
 Heap Region Size: 1M
 Heap Min Capacity: 8M
 Heap Initial Capacity: 64M
 Heap Max Capacity: 994M
 Pre-touch: Disabled
 Parallel Workers: 4
 Concurrent Workers: 1
 Concurrent Refinement Workers: 4
 Periodic GC: Disabled
Heap:
 garbage-first heap   total 96256K, used 53885K [0x00000000c1e00000, 0x0000000100000000)
  region size 1024K, 25 young (25600K), 0 survivors (0K)
 Metaspace       used 39882K, committed 40256K, reserved 1089536K
  class space    used 5047K, committed 5184K, reserved 1048576K
GC Heap History (20 events):
Event: 4067.737 GC heap before
{Heap before GC invocations=224 (full 141):
 garbage-first heap   total 96256K, used 42629K [0x00000000c1e00000, 0x0000000100000000)
  region size 1024K, 14 young (14336K), 0 survivors (0K)
 Metaspace       used 39882K, committed 40256K, reserved 1089536K
  class space    used 5047K, committed 5184K, reserved 1048576K
}
Event: 4067.874 GC heap after
{Heap after GC invocations=225 (full 142):
 garbage-first heap   total 96256K, used 29310K [0x00000000c1e00000, 0x0000000100000000)
  region size 1024K, 0 young (0K), 0 survivors (0K)
 Metaspace       used 39882K, committed 40256K, reserved 1089536K
  class space    used 5047K, committed 5184K, reserved 1048576K
}
Event: 4079.571 GC heap before
{Heap before GC invocations=225 (full 142):
 garbage-first heap   total 96256K, used 41598K [0x00000000c1e00000, 0x0000000100000000)
  region size 1024K, 13 young (13312K), 0 survivors (0K)
 Metaspace       used 39882K, committed 40256K, reserved 1089536K
  class space    used 5047K, committed 5184K, reserved 1048576K
}
Event: 4079.704 GC heap after
{Heap after GC invocations=226 (full 143):
 garbage-first heap   total 96256K, used 29309K [0x00000000c1e00000, 0x0000000100000000)
  region size 1024K, 0 young (0K), 0 survivors (0K)
 Metaspace       used 39882K, committed 40256K, reserved 1089536K
  class space    used 5047K, committed 5184K, reserved 1048576K
}
Event: 4090.625 GC heap before
{Heap before GC invocations=226 (full 143):
 garbage-first heap   total 96256K, used 41597K [0x00000000c1e00000, 0x0000000100000000)
  region size 1024K, 13 young (13312K), 0 survivors (0K)
 Metaspace       used 39882K, committed 40256K, reserved 1089536K
  class space    used 5047K, committed 5184K, reserved 1048576K
}
Event: 4090.735 GC heap after
{Heap after GC invocations=227 (full 144):
 garbage-first heap   total 96256K, used 29309K [0x00000000c1e00000, 0x0000000100000000)
  region size 1024K, 0 young (0K), 0 survivors (0K)
 Metaspace       used 39882K, committed 40256K, reserved 1089536K
  class space    used 5047K, committed 5184K, reserved 1048576K
}
Event: 4101.805 GC heap before
{Heap before GC invocations=227 (full 144):
 garbage-first heap   total 96256K, used 41597K [0x00000000c1e00000, 0x0000000100000000)
  region size 1024K, 13 young (13312K), 0 survivors (0K)
 Metaspace       used 39882K, committed 40256K, reserved 1089536K
  class space    used 5047K, committed 5184K, reserved 1048576K
}
Event: 4101.944 GC heap after
{Heap after GC invocations=228 (full 145):
 garbage-first heap   total 96256K, used 29309K [0x00000000c1e00000, 0x0000000100000000)
  region size 1024K, 0 young (0K), 0 survivors (0K)
 Metaspace       used 39882K, committed 40256K, reserved 1089536K
  class space    used 5047K, committed 5184K, reserved 1048576K
}
Event: 4113.397 GC heap before
{Heap before GC invocations=228 (full 145):
 garbage-first heap   total 96256K, used 41597K [0x00000000c1e00000, 0x0000000100000000)
  region size 1024K, 13 young (13312K), 0 survivors (0K)
 Metaspace       used 39882K, committed 40256K, reserved 1089536K
  class space    used 5047K, committed 5184K, reserved 1048576K
}
Event: 4113.515 GC heap after
{Heap after GC invocations=229 (full 146):
 garbage-first heap   total 96256K, used 29309K [0x00000000c1e00000, 0x0000000100000000)
  region size 1024K, 0 young (0K), 0 survivors (0K)
 Metaspace       used 39882K, committed 40256K, reserved 1089536K
  class space    used 5047K, committed 5184K, reserved 1048576K
}
Event: 4126.374 GC heap before
{Heap before GC invocations=229 (full 146):
 garbage-first heap   total 96256K, used 47741K [0x00000000c1e00000, 0x0000000100000000)
  region size 1024K, 19 young (19456K), 0 survivors (0K)
 Metaspace       used 39882K, committed 40256K, reserved 1089536K
  class space    used 5047K, committed 5184K, reserved 1048576K
}
Event: 4126.496 GC heap after
{Heap after GC invocations=230 (full 147):
 garbage-first heap   total 96256K, used 29312K [0x00000000c1e00000, 0x0000000100000000)
  region size 1024K, 0 young (0K), 0 survivors (0K)
 Metaspace       used 39882K, committed 40256K, reserved 1089536K
  class space    used 5047K, committed 5184K, reserved 1048576K
}
Event: 4137.421 GC heap before
{Heap before GC invocations=230 (full 147):
 garbage-first heap   total 96256K, used 41600K [0x00000000c1e00000, 0x0000000100000000)
  region size 1024K, 13 young (13312K), 0 survivors (0K)
 Metaspace       used 39882K, committed 40256K, reserved 1089536K
  class space    used 5047K, committed 5184K, reserved 1048576K
}
Event: 4137.566 GC heap after
{Heap after GC invocations=231 (full 148):
 garbage-first heap   total 96256K, used 29309K [0x00000000c1e00000, 0x0000000100000000)
  region size 1024K, 0 young (0K), 0 survivors (0K)
 Metaspace       used 39882K, committed 40256K, reserved 1089536K
  class space    used 5047K, committed 5184K, reserved 1048576K
}
Event: 4148.845 GC heap before
{Heap before GC invocations=231 (full 148):
 garbage-first heap   total 96256K, used 41597K [0x00000000c1e00000, 0x0000000100000000)
  region size 1024K, 13 young (13312K), 0 survivors (0K)
 Metaspace       used 39882K, committed 40256K, reserved 1089536K
  class space    used 5047K, committed 5184K, reserved 1048576K
}
Event: 4148.964 GC heap after
{Heap after GC invocations=232 (full 149):
 garbage-first heap   total 96256K, used 29309K [0x00000000c1e00000, 0x0000000100000000)
  region size 1024K, 0 young (0K), 0 survivors (0K)
 Metaspace       used 39882K, committed 40256K, reserved 1089536K
  class space    used 5047K, committed 5184K, reserved 1048576K
}
Event: 4159.891 GC heap before
{Heap before GC invocations=232 (full 149):
 garbage-first heap   total 96256K, used 41597K [0x00000000c1e00000, 0x0000000100000000)
  region size 1024K, 13 young (13312K), 0 survivors (0K)
 Metaspace       used 39882K, committed 40256K, reserved 1089536K
  class space    used 5047K, committed 5184K, reserved 1048576K
}
Event: 4160.044 GC heap after
{Heap after GC invocations=233 (full 150):
 garbage-first heap   total 96256K, used 29309K [0x00000000c1e00000, 0x0000000100000000)
  region size 1024K, 0 young (0K), 0 survivors (0K)
 Metaspace       used 39882K, committed 40256K, reserved 1089536K
  class space    used 5047K, committed 5184K, reserved 1048576K
}
Event: 4170.948 GC heap before
{Heap before GC invocations=233 (full 150):
 garbage-first heap   total 96256K, used 41597K [0x00000000c1e00000, 0x0000000100000000)
  region size 1024K, 13 young (13312K), 0 survivors (0K)
 Metaspace       used 39882K, committed 40256K, reserved 1089536K
  class space    used 5047K, committed 5184K, reserved 1048576K
}
Event: 4171.099 GC heap after
{Heap after GC invocations=234 (full 151):
 garbage-first heap   total 96256K, used 29309K [0x00000000c1e00000, 0x0000000100000000)
  region size 1024K, 0 young (0K), 0 survivors (0K)
 Metaspace       used 39882K, committed 40256K, reserved 1089536K
  class space    used 5047K, committed 5184K, reserved 1048576K
}

